0001_0010_0010_0060_0060.jpg 1 10 10 60 60
0002_0049_0040_0030_0030.jpg 1 49 40 30 30
0003_0007_0008_0069_0069.jpg 1 7 8 69 69
0004_0046_0051_0027_0027.jpg 1 46 51 27 27
0005_0028_0010_0052_0052.jpg 1 28 10 52 52
0006_0027_0023_0047_0047.jpg 1 27 23 47 47
0007_0046_0019_0041_0041.jpg 1 46 19 41 41
0008_0034_0028_0030_0030.jpg 1 34 28 30 30
0009_0009_0010_0068_0068.jpg 1 9 10 68 68
0010_0030_0022_0059_0059.jpg 1 30 22 59 59
0011_0050_0013_0031_0031.jpg 1 50 13 31 31
0012_0041_0025_0044_0044.jpg 1 41 25 44 44
0013_0033_0038_0047_0047.jpg 1 33 38 47 47
0014_0030_0045_0034_0034.jpg 1 30 45 34 34
0015_0041_0030_0034_0034.jpg 1 41 30 34 34
0016_0034_0038_0046_0046.jpg 1 34 38 46 46
0017_0012_0016_0062_0062.jpg 1 12 16 62 62
0018_0008_0038_0037_0037.jpg 1 8 38 37 37
0019_0019_0039_0050_0050.jpg 1 19 39 50 50
0020_0029_0009_0054_0054.jpg 1 29 9 54 54
0021_0009_0006_0062_0062.jpg 1 9 6 62 62
0022_0014_0017_0045_0045.jpg 1 14 17 45 45
0023_0035_0045_0043_0043.jpg 1 35 45 43 43
0024_0036_0021_0052_0052.jpg 1 36 21 52 52
0025_0021_0010_0045_0045.jpg 1 21 10 45 45
0026_0015_0027_0033_0033.jpg 1 15 27 33 33
0027_0015_0007_0048_0048.jpg 1 15 7 48 48
0028_0025_0037_0025_0025.jpg 1 25 37 25 25
0029_0013_0011_0042_0042.jpg 1 13 11 42 42
0030_0025_0025_0050_0050.jpg 1 25 25 50 50
0031_0013_0013_0035_0035.jpg 1 13 13 35 35
0032_0029_0019_0058_0058.jpg 1 29 19 58 58
0033_0029_0044_0043_0043.jpg 1 29 44 43 43
0034_0010_0018_0067_0067.jpg 1 10 18 67 67
0035_0023_0047_0034_0034.jpg 1 23 47 34 34
0036_0008_0009_0050_0050.jpg 1 8 9 50 50
0037_0022_0018_0049_0049.jpg 1 22 18 49 49
0038_0009_0020_0045_0045.jpg 1 9 20 45 45
0039_0018_0009_0062_0062.jpg 1 18 9 62 62
0040_0019_0039_0032_0032.jpg 1 19 39 32 32
0041_0038_0011_0047_0047.jpg 1 38 11 47 47
0042_0044_0053_0026_0026.jpg 1 44 53 26 26
0043_0009_0029_0049_0049.jpg 1 9 29 49 49
0044_0034_0035_0028_0028.jpg 1 34 35 28 28
0045_0022_0009_0063_0063.jpg 1 22 9 63 63
0046_0025_0036_0042_0042.jpg 1 25 36 42 42
0047_0040_0033_0037_0037.jpg 1 40 33 37 37
0048_0010_0031_0050_0050.jpg 1 10 31 50 50
0049_0027_0027_0025_0025.jpg 1 27 27 25 25
0050_0026_0006_0049_0049.jpg 1 26 6 49 49
0051_0057_0034_0026_0026.jpg 1 57 34 26 26
0052_0014_0026_0065_0065.jpg 1 14 26 65 65
0053_0019_0018_0024_0024.jpg 1 19 18 24 24
0054_0036_0027_0028_0028.jpg 1 36 27 28 28
0055_0033_0053_0031_0031.jpg 1 33 53 31 31
0056_0032_0019_0031_0031.jpg 1 32 19 31 31
0057_0016_0010_0057_0057.jpg 1 16 10 57 57
0058_0029_0015_0042_0042.jpg 1 29 15 42 42
0059_0029_0015_0036_0036.jpg 1 29 15 36 36
0060_0022_0010_0065_0065.jpg 1 22 10 65 65
0061_0019_0014_0068_0068.jpg 1 19 14 68 68
0062_0016_0013_0063_0063.jpg 1 16 13 63 63
0063_0041_0028_0036_0036.jpg 1 41 28 36 36
0064_0020_0009_0052_0052.jpg 1 20 9 52 52
0065_0021_0024_0030_0030.jpg 1 21 24 30 30
0066_0038_0007_0041_0041.jpg 1 38 7 41 41
0067_0010_0041_0045_0045.jpg 1 10 41 45 45
0068_0009_0020_0063_0063.jpg 1 9 20 63 63
0069_0041_0036_0040_0040.jpg 1 41 36 40 40
0070_0014_0036_0035_0035.jpg 1 14 36 35 35
0071_0023_0019_0047_0047.jpg 1 23 19 47 47
0072_0027_0011_0030_0030.jpg 1 27 11 30 30
0073_0020_0029_0028_0028.jpg 1 20 29 28 28
0074_0016_0022_0042_0042.jpg 1 16 22 42 42
0075_0032_0018_0035_0035.jpg 1 32 18 35 35
0076_0019_0025_0036_0036.jpg 1 19 25 36 36
0077_0013_0016_0038_0038.jpg 1 13 16 38 38
0078_0006_0031_0050_0050.jpg 1 6 31 50 50
0079_0038_0016_0044_0044.jpg 1 38 16 44 44
0080_0011_0045_0043_0043.jpg 1 11 45 43 43
0081_0007_0006_0054_0054.jpg 1 7 6 54 54
0082_0031_0036_0033_0033.jpg 1 31 36 33 33
0083_0015_0033_0054_0054.jpg 1 15 33 54 54
0084_0009_0029_0047_0047.jpg 1 9 29 47 47
0085_0035_0027_0048_0048.jpg 1 35 27 48 48
0086_0026_0021_0044_0044.jpg 1 26 21 44 44
0087_0030_0036_0043_0043.jpg 1 30 36 43 43
0088_0050_0029_0030_0030.jpg 1 50 29 30 30
0089_0039_0019_0040_0040.jpg 1 39 19 40 40
0090_0029_0028_0055_0055.jpg 1 29 28 55 55
0091_0030_0025_0055_0055.jpg 1 30 25 55 55
0092_0009_0009_0063_0063.jpg 1 9 9 63 63
0093_0008_0019_0051_0051.jpg 1 8 19 51 51
0094_0020_0010_0052_0052.jpg 1 20 10 52 52
0095_0038_0013_0036_0036.jpg 1 38 13 36 36
0096_0030_0033_0024_0024.jpg 1 30 33 24 24
0097_0023_0008_0055_0055.jpg 1 23 8 55 55
0098_0009_0007_0037_0037.jpg 1 9 7 37 37
0099_0008_0008_0056_0056.jpg 1 8 8 56 56
0100_0023_0005_0068_0068.jpg 1 23 5 68 68
0101_0011_0025_0066_0066.jpg 1 11 25 66 66
0102_0016_0018_0060_0060.jpg 1 16 18 60 60
0103_0021_0009_0044_0044.jpg 1 21 9 44 44
0104_0051_0045_0028_0028.jpg 1 51 45 28 28
0105_0014_0039_0049_0049.jpg 1 14 39 49 49
0106_0058_0035_0025_0025.jpg 1 58 35 25 25
0107_0012_0039_0040_0040.jpg 1 12 39 40 40
0108_0007_0012_0068_0068.jpg 1 7 12 68 68
0109_0046_0049_0038_0038.jpg 1 46 49 38 38
0110_0043_0044_0039_0039.jpg 1 43 44 39 39
0111_0024_0027_0042_0042.jpg 1 24 27 42 42
0112_0035_0033_0048_0048.jpg 1 35 33 48 48
0113_0007_0007_0060_0060.jpg 1 7 7 60 60
0114_0033_0031_0036_0036.jpg 1 33 31 36 36
0115_0030_0035_0028_0028.jpg 1 30 35 28 28
0116_0027_0032_0058_0058.jpg 1 27 32 58 58
0117_0009_0008_0048_0048.jpg 1 9 8 48 48
0118_0015_0022_0055_0055.jpg 1 15 22 55 55
0119_0006_0044_0043_0043.jpg 1 6 44 43 43
0120_0046_0037_0035_0035.jpg 1 46 37 35 35
0121_0025_0014_0059_0059.jpg 1 25 14 59 59
0122_0022_0027_0063_0063.jpg 1 22 27 63 63
0123_0029_0007_0053_0053.jpg 1 29 7 53 53
0124_0010_0012_0066_0066.jpg 1 10 12 66 66
0125_0026_0022_0042_0042.jpg 1 26 22 42 42
0126_0029_0052_0024_0024.jpg 1 29 52 24 24
0127_0045_0048_0038_0038.jpg 1 45 48 38 38
0128_0013_0005_0061_0061.jpg 1 13 5 61 61
0129_0040_0020_0038_0038.jpg 1 40 20 38 38
0130_0029_0008_0058_0058.jpg 1 29 8 58 58
0131_0033_0033_0058_0058.jpg 1 33 33 58 58
0132_0005_0024_0050_0050.jpg 1 5 24 50 50
0133_0026_0019_0055_0055.jpg 1 26 19 55 55
0134_0033_0027_0054_0054.jpg 1 33 27 54 54
0135_0028_0017_0057_0057.jpg 1 28 17 57 57
0136_0028_0014_0046_0046.jpg 1 28 14 46 46
0137_0016_0018_0037_0037.jpg 1 16 18 37 37
0138_0013_0036_0054_0054.jpg 1 13 36 54 54
0139_0010_0031_0056_0056.jpg 1 10 31 56 56
0140_0012_0010_0056_0056.jpg 1 12 10 56 56
0141_0006_0019_0040_0040.jpg 1 6 19 40 40
0142_0023_0019_0065_0065.jpg 1 23 19 65 65
0143_0007_0050_0024_0024.jpg 1 7 50 24 24
0144_0011_0023_0048_0048.jpg 1 11 23 48 48
0145_0030_0040_0028_0028.jpg 1 30 40 28 28
0146_0013_0020_0068_0068.jpg 1 13 20 68 68
0147_0035_0006_0050_0050.jpg 1 35 6 50 50
0148_0034_0026_0055_0055.jpg 1 34 26 55 55
0149_0020_0011_0041_0041.jpg 1 20 11 41 41
0150_0016_0010_0038_0038.jpg 1 16 10 38 38
0151_0043_0015_0025_0025.jpg 1 43 15 25 25
0152_0012_0039_0047_0047.jpg 1 12 39 47 47
0153_0040_0041_0036_0036.jpg 1 40 41 36 36
0154_0009_0020_0064_0064.jpg 1 9 20 64 64
0155_0008_0038_0051_0051.jpg 1 8 38 51 51
0156_0030_0034_0052_0052.jpg 1 30 34 52 52
0157_0024_0024_0028_0028.jpg 1 24 24 28 28
0158_0013_0034_0043_0043.jpg 1 13 34 43 43
0159_0042_0021_0038_0038.jpg 1 42 21 38 38
0160_0010_0012_0029_0029.jpg 1 10 12 29 29
0161_0018_0011_0035_0035.jpg 1 18 11 35 35
0162_0010_0014_0069_0069.jpg 1 10 14 69 69
0163_0026_0006_0057_0057.jpg 1 26 6 57 57
0164_0009_0004_0068_0068.jpg 1 9 4 68 68
0165_0010_0028_0044_0044.jpg 1 10 28 44 44
0166_0023_0015_0024_0024.jpg 1 23 15 24 24
0167_0009_0014_0048_0048.jpg 1 9 14 48 48
0168_0009_0023_0060_0060.jpg 1 9 23 60 60
0169_0049_0023_0033_0033.jpg 1 49 23 33 33
0170_0023_0023_0067_0067.jpg 1 23 23 67 67
0171_0036_0018_0032_0032.jpg 1 36 18 32 32
0172_0004_0013_0067_0067.jpg 1 4 13 67 67
0173_0050_0049_0027_0027.jpg 1 50 49 27 27
0174_0006_0050_0034_0034.jpg 1 6 50 34 34
0175_0021_0037_0048_0048.jpg 1 21 37 48 48
0176_0032_0034_0046_0046.jpg 1 32 34 46 46
0177_0008_0024_0041_0041.jpg 1 8 24 41 41
0178_0007_0052_0033_0033.jpg 1 7 52 33 33
0179_0004_0022_0060_0060.jpg 1 4 22 60 60
0180_0023_0025_0059_0059.jpg 1 23 25 59 59
0181_0009_0026_0062_0062.jpg 1 9 26 62 62
0182_0026_0008_0049_0049.jpg 1 26 8 49 49
0183_0019_0019_0056_0056.jpg 1 19 19 56 56
0184_0030_0027_0046_0046.jpg 1 30 27 46 46
0185_0006_0005_0069_0069.jpg 1 6 5 69 69
0186_0049_0030_0038_0038.jpg 1 49 30 38 38
0187_0013_0022_0069_0069.jpg 1 13 22 69 69
0188_0042_0012_0040_0040.jpg 1 42 12 40 40
0189_0030_0014_0033_0033.jpg 1 30 14 33 33
0190_0037_0027_0047_0047.jpg 1 37 27 47 47
0191_0017_0035_0028_0028.jpg 1 17 35 28 28
0192_0017_0009_0037_0037.jpg 1 17 9 37 37
0193_0018_0011_0055_0055.jpg 1 18 11 55 55
0194_0030_0011_0058_0058.jpg 1 30 11 58 58
0195_0029_0019_0057_0057.jpg 1 29 19 57 57
0196_0042_0007_0035_0035.jpg 1 42 7 35 35
0197_0033_0018_0036_0036.jpg 1 33 18 36 36
0198_0008_0015_0060_0060.jpg 1 8 15 60 60
0199_0037_0029_0052_0052.jpg 1 37 29 52 52
0200_0019_0019_0032_0032.jpg 1 19 19 32 32
0201_0022_0014_0067_0067.jpg 1 22 14 67 67
0202_0009_0015_0067_0067.jpg 1 9 15 67 67
0203_0024_0008_0058_0058.jpg 1 24 8 58 58
0204_0042_0031_0024_0024.jpg 1 42 31 24 24
0205_0025_0037_0051_0051.jpg 1 25 37 51 51
0206_0030_0045_0043_0043.jpg 1 30 45 43 43
0207_0015_0025_0048_0048.jpg 1 15 25 48 48
0208_0018_0018_0069_0069.jpg 1 18 18 69 69
0209_0046_0047_0028_0028.jpg 1 46 47 28 28
0210_0015_0007_0058_0058.jpg 1 15 7 58 58
0211_0044_0017_0035_0035.jpg 1 44 17 35 35
0212_0016_0015_0068_0068.jpg 1 16 15 68 68
0213_0018_0028_0043_0043.jpg 1 18 28 43 43
0214_0024_0019_0058_0058.jpg 1 24 19 58 58
0215_0005_0021_0061_0061.jpg 1 5 21 61 61
0216_0031_0038_0041_0041.jpg 1 31 38 41 41
0217_0007_0023_0065_0065.jpg 1 7 23 65 65
0218_0049_0023_0034_0034.jpg 1 49 23 34 34
0219_0016_0011_0064_0064.jpg 1 16 11 64 64
0220_0032_0031_0054_0054.jpg 1 32 31 54 54
0221_0010_0032_0050_0050.jpg 1 10 32 50 50
0222_0031_0043_0035_0035.jpg 1 31 43 35 35
0223_0008_0018_0055_0055.jpg 1 8 18 55 55
0224_0013_0035_0032_0032.jpg 1 13 35 32 32
0225_0023_0025_0065_0065.jpg 1 23 25 65 65
0226_0028_0031_0045_0045.jpg 1 28 31 45 45
0227_0006_0012_0065_0065.jpg 1 6 12 65 65
0228_0009_0031_0050_0050.jpg 1 9 31 50 50
0229_0018_0021_0032_0032.jpg 1 18 21 32 32
0230_0020_0049_0030_0030.jpg 1 20 49 30 30
0231_0019_0031_0054_0054.jpg 1 19 31 54 54
0232_0012_0006_0062_0062.jpg 1 12 6 62 62
0233_0013_0025_0065_0065.jpg 1 13 25 65 65
0234_0020_0025_0031_0031.jpg 1 20 25 31 31
0235_0009_0011_0059_0059.jpg 1 9 11 59 59
0236_0022_0037_0052_0052.jpg 1 22 37 52 52
0237_0026_0006_0065_0065.jpg 1 26 6 65 65
0238_0034_0005_0054_0054.jpg 1 34 5 54 54
0239_0044_0018_0044_0044.jpg 1 44 18 44 44
0240_0019_0027_0059_0059.jpg 1 19 27 59 59
0241_0007_0033_0054_0054.jpg 1 7 33 54 54
0242_0040_0010_0038_0038.jpg 1 40 10 38 38
0243_0013_0035_0046_0046.jpg 1 13 35 46 46
0244_0036_0013_0048_0048.jpg 1 36 13 48 48
0245_0008_0039_0046_0046.jpg 1 8 39 46 46
0246_0021_0018_0044_0044.jpg 1 21 18 44 44
0247_0009_0044_0024_0024.jpg 1 9 44 24 24
0248_0014_0026_0038_0038.jpg 1 14 26 38 38
0249_0010_0023_0025_0025.jpg 1 10 23 25 25
0250_0024_0016_0049_0049.jpg 1 24 16 49 49
0251_0051_0047_0035_0035.jpg 1 51 47 35 35
0252_0023_0024_0059_0059.jpg 1 23 24 59 59
0253_0025_0029_0055_0055.jpg 1 25 29 55 55
0254_0060_0021_0024_0024.jpg 1 60 21 24 24
0255_0008_0009_0040_0040.jpg 1 8 9 40 40
0256_0019_0011_0065_0065.jpg 1 19 11 65 65
0257_0037_0007_0035_0035.jpg 1 37 7 35 35
0258_0012_0005_0052_0052.jpg 1 12 5 52 52
0259_0020_0007_0061_0061.jpg 1 20 7 61 61
0260_0037_0011_0046_0046.jpg 1 37 11 46 46
0261_0031_0029_0040_0040.jpg 1 31 29 40 40
0262_0040_0040_0033_0033.jpg 1 40 40 33 33
0263_0008_0005_0059_0059.jpg 1 8 5 59 59
0264_0024_0041_0032_0032.jpg 1 24 41 32 32
0265_0014_0015_0062_0062.jpg 1 14 15 62 62
0266_0017_0028_0058_0058.jpg 1 17 28 58 58
0267_0051_0035_0026_0026.jpg 1 51 35 26 26
0268_0011_0006_0065_0065.jpg 1 11 6 65 65
0269_0008_0022_0059_0059.jpg 1 8 22 59 59
0270_0013_0034_0029_0029.jpg 1 13 34 29 29
0271_0021_0011_0041_0041.jpg 1 21 11 41 41
0272_0019_0039_0039_0039.jpg 1 19 39 39 39
0273_0036_0027_0054_0054.jpg 1 36 27 54 54
0274_0005_0007_0061_0061.jpg 1 5 7 61 61
0275_0007_0014_0061_0061.jpg 1 7 14 61 61
0276_0035_0025_0042_0042.jpg 1 35 25 42 42
0277_0021_0010_0036_0036.jpg 1 21 10 36 36
0278_0019_0037_0029_0029.jpg 1 19 37 29 29
0279_0012_0026_0058_0058.jpg 1 12 26 58 58
0280_0006_0021_0060_0060.jpg 1 6 21 60 60
0281_0028_0026_0061_0061.jpg 1 28 26 61 61
0282_0018_0020_0060_0060.jpg 1 18 20 60 60
0283_0020_0029_0058_0058.jpg 1 20 29 58 58
0284_0017_0026_0044_0044.jpg 1 17 26 44 44
0285_0013_0028_0054_0054.jpg 1 13 28 54 54
0286_0012_0044_0032_0032.jpg 1 12 44 32 32
0287_0024_0007_0067_0067.jpg 1 24 7 67 67
0288_0029_0024_0049_0049.jpg 1 29 24 49 49
0289_0014_0029_0047_0047.jpg 1 14 29 47 47
0290_0057_0050_0027_0027.jpg 1 57 50 27 27
0291_0003_0015_0063_0063.jpg 1 3 15 63 63
0292_0014_0028_0061_0061.jpg 1 14 28 61 61
0293_0018_0010_0031_0031.jpg 1 18 10 31 31
0294_0034_0016_0050_0050.jpg 1 34 16 50 50
0295_0024_0022_0067_0067.jpg 1 24 22 67 67
0296_0045_0007_0043_0043.jpg 1 45 7 43 43
0297_0018_0028_0054_0054.jpg 1 18 28 54 54
0298_0015_0007_0041_0041.jpg 1 15 7 41 41
0299_0005_0006_0066_0066.jpg 1 5 6 66 66
0300_0018_0005_0051_0051.jpg 1 18 5 51 51
0301_0006_0018_0056_0056.jpg 1 6 18 56 56
0302_0044_0036_0039_0039.jpg 1 44 36 39 39
0303_0009_0054_0026_0026.jpg 1 9 54 26 26
0304_0025_0028_0048_0048.jpg 1 25 28 48 48
0305_0012_0030_0029_0029.jpg 1 12 30 29 29
0306_0008_0037_0051_0051.jpg 1 8 37 51 51
0307_0027_0016_0025_0025.jpg 1 27 16 25 25
0308_0016_0012_0065_0065.jpg 1 16 12 65 65
0309_0011_0028_0061_0061.jpg 1 11 28 61 61
0310_0023_0048_0032_0032.jpg 1 23 48 32 32
0311_0033_0050_0026_0026.jpg 1 33 50 26 26
0312_0021_0028_0039_0039.jpg 1 21 28 39 39
0313_0019_0033_0045_0045.jpg 1 19 33 45 45
0314_0035_0006_0046_0046.jpg 1 35 6 46 46
0315_0021_0041_0048_0048.jpg 1 21 41 48 48
0316_0014_0016_0041_0041.jpg 1 14 16 41 41
0317_0047_0022_0026_0026.jpg 1 47 22 26 26
0318_0025_0025_0062_0062.jpg 1 25 25 62 62
0319_0045_0043_0029_0029.jpg 1 45 43 29 29
0320_0012_0005_0052_0052.jpg 1 12 5 52 52
0321_0017_0006_0058_0058.jpg 1 17 6 58 58
0322_0036_0023_0053_0053.jpg 1 36 23 53 53
0323_0021_0020_0060_0060.jpg 1 21 20 60 60
0324_0017_0014_0065_0065.jpg 1 17 14 65 65
0325_0032_0008_0036_0036.jpg 1 32 8 36 36
0326_0021_0039_0042_0042.jpg 1 21 39 42 42
0327_0030_0032_0032_0032.jpg 1 30 32 32 32
0328_0024_0007_0060_0060.jpg 1 24 7 60 60
0329_0016_0026_0049_0049.jpg 1 16 26 49 49
0330_0029_0011_0060_0060.jpg 1 29 11 60 60
0331_0049_0040_0033_0033.jpg 1 49 40 33 33
0332_0013_0017_0040_0040.jpg 1 13 17 40 40
0333_0035_0036_0052_0052.jpg 1 35 36 52 52
0334_0019_0044_0038_0038.jpg 1 19 44 38 38
0335_0009_0017_0057_0057.jpg 1 9 17 57 57
0336_0030_0011_0048_0048.jpg 1 30 11 48 48
0337_0015_0026_0027_0027.jpg 1 15 26 27 27
0338_0046_0008_0040_0040.jpg 1 46 8 40 40
0339_0017_0009_0069_0069.jpg 1 17 9 69 69
0340_0051_0052_0028_0028.jpg 1 51 52 28 28
0341_0023_0020_0060_0060.jpg 1 23 20 60 60
0342_0011_0041_0048_0048.jpg 1 11 41 48 48
0343_0022_0005_0066_0066.jpg 1 22 5 66 66
0344_0028_0025_0063_0063.jpg 1 28 25 63 63
0345_0013_0014_0059_0059.jpg 1 13 14 59 59
0346_0012_0021_0053_0053.jpg 1 12 21 53 53
0347_0011_0031_0061_0061.jpg 1 11 31 61 61
0348_0041_0039_0029_0029.jpg 1 41 39 29 29
0349_0029_0011_0060_0060.jpg 1 29 11 60 60
0350_0026_0033_0045_0045.jpg 1 26 33 45 45
0351_0029_0040_0032_0032.jpg 1 29 40 32 32
0352_0027_0027_0047_0047.jpg 1 27 27 47 47
0353_0027_0028_0056_0056.jpg 1 27 28 56 56
0354_0028_0045_0038_0038.jpg 1 28 45 38 38
0355_0024_0023_0066_0066.jpg 1 24 23 66 66
0356_0038_0020_0027_0027.jpg 1 38 20 27 27
0357_0029_0036_0047_0047.jpg 1 29 36 47 47
0358_0028_0024_0050_0050.jpg 1 28 24 50 50
0359_0035_0014_0049_0049.jpg 1 35 14 49 49
0360_0011_0025_0039_0039.jpg 1 11 25 39 39
0361_0014_0046_0027_0027.jpg 1 14 46 27 27
0362_0006_0020_0059_0059.jpg 1 6 20 59 59
0363_0011_0017_0058_0058.jpg 1 11 17 58 58
0364_0020_0012_0050_0050.jpg 1 20 12 50 50
0365_0016_0008_0067_0067.jpg 1 16 8 67 67
0366_0037_0042_0033_0033.jpg 1 37 42 33 33
0367_0044_0046_0026_0026.jpg 1 44 46 26 26
0368_0021_0031_0048_0048.jpg 1 21 31 48 48
0369_0040_0005_0047_0047.jpg 1 40 5 47 47
0370_0022_0016_0050_0050.jpg 1 22 16 50 50
0371_0021_0033_0058_0058.jpg 1 21 33 58 58
0372_0012_0040_0044_0044.jpg 1 12 40 44 44
0373_0023_0019_0059_0059.jpg 1 23 19 59 59
0374_0043_0033_0041_0041.jpg 1 43 33 41 41
0375_0026_0052_0030_0030.jpg 1 26 52 30 30
0376_0030_0027_0055_0055.jpg 1 30 27 55 55
0377_0031_0018_0047_0047.jpg 1 31 18 47 47
0378_0027_0026_0036_0036.jpg 1 27 26 36 36
0379_0015_0022_0068_0068.jpg 1 15 22 68 68
0380_0040_0015_0043_0043.jpg 1 40 15 43 43
0381_0024_0018_0054_0054.jpg 1 24 18 54 54
0382_0028_0024_0046_0046.jpg 1 28 24 46 46
0383_0027_0011_0064_0064.jpg 1 27 11 64 64
0384_0030_0027_0049_0049.jpg 1 30 27 49 49
0385_0034_0006_0042_0042.jpg 1 34 6 42 42
0386_0045_0029_0025_0025.jpg 1 45 29 25 25
0387_0043_0045_0038_0038.jpg 1 43 45 38 38
0388_0010_0034_0056_0056.jpg 1 10 34 56 56
0389_0042_0021_0031_0031.jpg 1 42 21 31 31
0390_0012_0037_0026_0026.jpg 1 12 37 26 26
0391_0012_0022_0058_0058.jpg 1 12 22 58 58
0392_0056_0046_0026_0026.jpg 1 56 46 26 26
0393_0026_0016_0057_0057.jpg 1 26 16 57 57
0394_0015_0018_0053_0053.jpg 1 15 18 53 53
0395_0024_0022_0061_0061.jpg 1 24 22 61 61
0396_0025_0044_0035_0035.jpg 1 25 44 35 35
0397_0019_0008_0067_0067.jpg 1 19 8 67 67
0398_0008_0028_0025_0025.jpg 1 8 28 25 25
0399_0017_0018_0050_0050.jpg 1 17 18 50 50
0400_0006_0023_0054_0054.jpg 1 6 23 54 54
0401_0021_0022_0041_0041.jpg 1 21 22 41 41
0402_0036_0013_0052_0052.jpg 1 36 13 52 52
0403_0012_0019_0047_0047.jpg 1 12 19 47 47
0404_0017_0027_0057_0057.jpg 1 17 27 57 57
0405_0020_0004_0067_0067.jpg 1 20 4 67 67
0406_0044_0043_0042_0042.jpg 1 44 43 42 42
0407_0017_0041_0040_0040.jpg 1 17 41 40 40
0408_0018_0026_0060_0060.jpg 1 18 26 60 60
0409_0040_0034_0028_0028.jpg 1 40 34 28 28
0410_0012_0032_0058_0058.jpg 1 12 32 58 58
0411_0023_0033_0043_0043.jpg 1 23 33 43 43
0412_0034_0030_0053_0053.jpg 1 34 30 53 53
0413_0047_0017_0040_0040.jpg 1 47 17 40 40
0414_0036_0036_0028_0028.jpg 1 36 36 28 28
0415_0027_0022_0039_0039.jpg 1 27 22 39 39
0416_0028_0016_0050_0050.jpg 1 28 16 50 50
0417_0009_0043_0042_0042.jpg 1 9 43 42 42
0418_0039_0027_0038_0038.jpg 1 39 27 38 38
0419_0018_0024_0068_0068.jpg 1 18 24 68 68
0420_0010_0030_0027_0027.jpg 1 10 30 27 27
0421_0029_0007_0058_0058.jpg 1 29 7 58 58
0422_0027_0016_0065_0065.jpg 1 27 16 65 65
0423_0011_0025_0042_0042.jpg 1 11 25 42 42
0424_0032_0029_0058_0058.jpg 1 32 29 58 58
0425_0052_0025_0025_0025.jpg 1 52 25 25 25
0426_0016_0013_0068_0068.jpg 1 16 13 68 68
0427_0043_0013_0045_0045.jpg 1 43 13 45 45
0428_0019_0027_0057_0057.jpg 1 19 27 57 57
0429_0028_0019_0058_0058.jpg 1 28 19 58 58
0430_0019_0020_0065_0065.jpg 1 19 20 65 65
0431_0029_0006_0061_0061.jpg 1 29 6 61 61
0432_0049_0030_0026_0026.jpg 1 49 30 26 26
0433_0042_0043_0045_0045.jpg 1 42 43 45 45
0434_0021_0037_0044_0044.jpg 1 21 37 44 44
0435_0054_0033_0032_0032.jpg 1 54 33 32 32
0436_0016_0010_0051_0051.jpg 1 16 10 51 51
0437_0020_0038_0048_0048.jpg 1 20 38 48 48
0438_0011_0017_0069_0069.jpg 1 11 17 69 69
0439_0012_0045_0028_0028.jpg 1 12 45 28 28
0440_0012_0025_0051_0051.jpg 1 12 25 51 51
0441_0024_0012_0046_0046.jpg 1 24 12 46 46
0442_0032_0037_0049_0049.jpg 1 32 37 49 49
0443_0012_0036_0041_0041.jpg 1 12 36 41 41
0444_0036_0023_0044_0044.jpg 1 36 23 44 44
0445_0006_0013_0067_0067.jpg 1 6 13 67 67
0446_0020_0032_0049_0049.jpg 1 20 32 49 49
0447_0021_0026_0043_0043.jpg 1 21 26 43 43
0448_0051_0008_0027_0027.jpg 1 51 8 27 27
0449_0008_0011_0058_0058.jpg 1 8 11 58 58
0450_0021_0017_0049_0049.jpg 1 21 17 49 49
0451_0011_0018_0057_0057.jpg 1 11 18 57 57
0452_0031_0024_0031_0031.jpg 1 31 24 31 31
0453_0021_0010_0066_0066.jpg 1 21 10 66 66
0454_0007_0020_0058_0058.jpg 1 7 20 58 58
0455_0028_0059_0024_0024.jpg 1 28 59 24 24
0456_0041_0023_0047_0047.jpg 1 41 23 47 47
0457_0014_0020_0059_0059.jpg 1 14 20 59 59
0458_0009_0021_0034_0034.jpg 1 9 21 34 34
0459_0052_0009_0032_0032.jpg 1 52 9 32 32
0460_0036_0015_0024_0024.jpg 1 36 15 24 24
0461_0005_0019_0064_0064.jpg 1 5 19 64 64
0462_0039_0023_0044_0044.jpg 1 39 23 44 44
0463_0044_0007_0040_0040.jpg 1 44 7 40 40
0464_0023_0032_0059_0059.jpg 1 23 32 59 59
0465_0020_0039_0032_0032.jpg 1 20 39 32 32
0466_0038_0018_0028_0028.jpg 1 38 18 28 28
0467_0040_0008_0031_0031.jpg 1 40 8 31 31
0468_0010_0029_0033_0033.jpg 1 10 29 33 33
0469_0026_0014_0052_0052.jpg 1 26 14 52 52
0470_0039_0036_0050_0050.jpg 1 39 36 50 50
0471_0003_0018_0066_0066.jpg 1 3 18 66 66
0472_0028_0018_0027_0027.jpg 1 28 18 27 27
0473_0025_0031_0051_0051.jpg 1 25 31 51 51
0474_0020_0019_0034_0034.jpg 1 20 19 34 34
0475_0015_0053_0032_0032.jpg 1 15 53 32 32
0476_0017_0007_0042_0042.jpg 1 17 7 42 42
0477_0031_0030_0042_0042.jpg 1 31 30 42 42
0478_0022_0022_0068_0068.jpg 1 22 22 68 68
0479_0007_0028_0055_0055.jpg 1 7 28 55 55
0480_0004_0017_0065_0065.jpg 1 4 17 65 65
0481_0051_0009_0024_0024.jpg 1 51 9 24 24
0482_0004_0006_0063_0063.jpg 1 4 6 63 63
0483_0003_0013_0063_0063.jpg 1 3 13 63 63
0484_0042_0036_0039_0039.jpg 1 42 36 39 39
0485_0054_0027_0031_0031.jpg 1 54 27 31 31
0486_0012_0038_0037_0037.jpg 1 12 38 37 37
0487_0030_0018_0050_0050.jpg 1 30 18 50 50
0488_0014_0018_0024_0024.jpg 1 14 18 24 24
0489_0052_0013_0027_0027.jpg 1 52 13 27 27
0490_0019_0039_0038_0038.jpg 1 19 39 38 38
0491_0037_0010_0036_0036.jpg 1 37 10 36 36
0492_0034_0045_0038_0038.jpg 1 34 45 38 38
0493_0043_0050_0031_0031.jpg 1 43 50 31 31
0494_0008_0018_0062_0062.jpg 1 8 18 62 62
0495_0034_0019_0037_0037.jpg 1 34 19 37 37
0496_0027_0011_0051_0051.jpg 1 27 11 51 51
0497_0010_0009_0044_0044.jpg 1 10 9 44 44
0498_0038_0019_0048_0048.jpg 1 38 19 48 48
0499_0029_0013_0062_0062.jpg 1 29 13 62 62
0500_0014_0018_0051_0051.jpg 1 14 18 51 51
0501_0010_0015_0051_0051.jpg 1 10 15 51 51
0502_0040_0007_0039_0039.jpg 1 40 7 39 39
0503_0026_0030_0050_0050.jpg 1 26 30 50 50
0504_0008_0035_0051_0051.jpg 1 8 35 51 51
0505_0022_0021_0032_0032.jpg 1 22 21 32 32
0506_0033_0009_0050_0050.jpg 1 33 9 50 50
0507_0007_0018_0046_0046.jpg 1 7 18 46 46
0508_0005_0031_0056_0056.jpg 1 5 31 56 56
0509_0030_0012_0027_0027.jpg 1 30 12 27 27
0510_0008_0045_0027_0027.jpg 1 8 45 27 27
0511_0026_0019_0043_0043.jpg 1 26 19 43 43
0512_0017_0016_0052_0052.jpg 1 17 16 52 52
0513_0008_0029_0059_0059.jpg 1 8 29 59 59
0514_0024_0016_0068_0068.jpg 1 24 16 68 68
0515_0041_0026_0042_0042.jpg 1 41 26 42 42
0516_0026_0027_0039_0039.jpg 1 26 27 39 39
0517_0034_0022_0045_0045.jpg 1 34 22 45 45
0518_0017_0023_0069_0069.jpg 1 17 23 69 69
0519_0008_0004_0069_0069.jpg 1 8 4 69 69
0520_0022_0010_0062_0062.jpg 1 22 10 62 62
0521_0021_0021_0068_0068.jpg 1 21 21 68 68
0522_0008_0024_0065_0065.jpg 1 8 24 65 65
0523_0031_0035_0050_0050.jpg 1 31 35 50 50
0524_0022_0007_0052_0052.jpg 1 22 7 52 52
0525_0009_0022_0037_0037.jpg 1 9 22 37 37
0526_0039_0028_0050_0050.jpg 1 39 28 50 50
0527_0022_0027_0035_0035.jpg 1 22 27 35 35
0528_0004_0006_0059_0059.jpg 1 4 6 59 59
0529_0026_0025_0058_0058.jpg 1 26 25 58 58
0530_0013_0023_0035_0035.jpg 1 13 23 35 35
0531_0017_0022_0066_0066.jpg 1 17 22 66 66
0532_0046_0019_0038_0038.jpg 1 46 19 38 38
0533_0019_0035_0050_0050.jpg 1 19 35 50 50
0534_0033_0042_0046_0046.jpg 1 33 42 46 46
0535_0025_0009_0052_0052.jpg 1 25 9 52 52
0536_0028_0007_0061_0061.jpg 1 28 7 61 61
0537_0036_0018_0034_0034.jpg 1 36 18 34 34
0538_0052_0045_0034_0034.jpg 1 52 45 34 34
0539_0046_0040_0026_0026.jpg 1 46 40 26 26
0540_0032_0036_0047_0047.jpg 1 32 36 47 47
0541_0034_0020_0050_0050.jpg 1 34 20 50 50
0542_0007_0024_0060_0060.jpg 1 7 24 60 60
0543_0030_0019_0024_0024.jpg 1 30 19 24 24
0544_0021_0003_0062_0062.jpg 1 21 3 62 62
0545_0032_0015_0059_0059.jpg 1 32 15 59 59
0546_0025_0039_0027_0027.jpg 1 25 39 27 27
0547_0013_0031_0030_0030.jpg 1 13 31 30 30
0548_0028_0028_0064_0064.jpg 1 28 28 64 64
0549_0010_0045_0039_0039.jpg 1 10 45 39 39
0550_0018_0026_0052_0052.jpg 1 18 26 52 52
0551_0021_0035_0037_0037.jpg 1 21 35 37 37
0552_0032_0050_0027_0027.jpg 1 32 50 27 27
0553_0040_0046_0041_0041.jpg 1 40 46 41 41
0554_0004_0029_0060_0060.jpg 1 4 29 60 60
0555_0050_0040_0032_0032.jpg 1 50 40 32 32
0556_0027_0019_0046_0046.jpg 1 27 19 46 46
0557_0009_0016_0066_0066.jpg 1 9 16 66 66
0558_0011_0017_0039_0039.jpg 1 11 17 39 39
0559_0053_0040_0029_0029.jpg 1 53 40 29 29
0560_0031_0048_0035_0035.jpg 1 31 48 35 35
0561_0021_0003_0069_0069.jpg 1 21 3 69 69
0562_0016_0039_0024_0024.jpg 1 16 39 24 24
0563_0022_0022_0045_0045.jpg 1 22 22 45 45
0564_0021_0010_0056_0056.jpg 1 21 10 56 56
0565_0033_0013_0044_0044.jpg 1 33 13 44 44
0566_0041_0043_0038_0038.jpg 1 41 43 38 38
0567_0008_0052_0024_0024.jpg 1 8 52 24 24
0568_0008_0033_0046_0046.jpg 1 8 33 46 46
0569_0007_0018_0068_0068.jpg 1 7 18 68 68
0570_0009_0035_0037_0037.jpg 1 9 35 37 37
0571_0013_0011_0069_0069.jpg 1 13 11 69 69
0572_0022_0009_0042_0042.jpg 1 22 9 42 42
0573_0030_0039_0039_0039.jpg 1 30 39 39 39
0574_0040_0030_0024_0024.jpg 1 40 30 24 24
0575_0011_0014_0028_0028.jpg 1 11 14 28 28
0576_0013_0052_0024_0024.jpg 1 13 52 24 24
0577_0003_0009_0066_0066.jpg 1 3 9 66 66
0578_0019_0005_0050_0050.jpg 1 19 5 50 50
0579_0026_0009_0042_0042.jpg 1 26 9 42 42
0580_0032_0023_0051_0051.jpg 1 32 23 51 51
0581_0020_0026_0046_0046.jpg 1 20 26 46 46
0582_0032_0024_0059_0059.jpg 1 32 24 59 59
0583_0022_0031_0056_0056.jpg 1 22 31 56 56
0584_0016_0019_0060_0060.jpg 1 16 19 60 60
0585_0015_0038_0028_0028.jpg 1 15 38 28 28
0586_0043_0030_0045_0045.jpg 1 43 30 45 45
0587_0035_0043_0032_0032.jpg 1 35 43 32 32
0588_0032_0008_0054_0054.jpg 1 32 8 54 54
0589_0021_0023_0069_0069.jpg 1 21 23 69 69
0590_0019_0043_0029_0029.jpg 1 19 43 29 29
0591_0015_0011_0029_0029.jpg 1 15 11 29 29
0592_0040_0019_0045_0045.jpg 1 40 19 45 45
0593_0030_0028_0033_0033.jpg 1 30 28 33 33
0594_0007_0006_0059_0059.jpg 1 7 6 59 59
0595_0016_0023_0046_0046.jpg 1 16 23 46 46
0596_0040_0036_0036_0036.jpg 1 40 36 36 36
0597_0007_0051_0033_0033.jpg 1 7 51 33 33
0598_0021_0042_0044_0044.jpg 1 21 42 44 44
0599_0004_0019_0062_0062.jpg 1 4 19 62 62
0600_0020_0030_0034_0034.jpg 1 20 30 34 34
0601_0011_0045_0024_0024.jpg 1 11 45 24 24
0602_0041_0042_0043_0043.jpg 1 41 42 43 43
0603_0028_0014_0057_0057.jpg 1 28 14 57 57
0604_0047_0011_0034_0034.jpg 1 47 11 34 34
0605_0035_0006_0052_0052.jpg 1 35 6 52 52
0606_0005_0007_0055_0055.jpg 1 5 7 55 55
0607_0028_0021_0056_0056.jpg 1 28 21 56 56
0608_0019_0026_0061_0061.jpg 1 19 26 61 61
0609_0016_0022_0054_0054.jpg 1 16 22 54 54
0610_0014_0033_0042_0042.jpg 1 14 33 42 42
0611_0020_0031_0036_0036.jpg 1 20 31 36 36
0612_0009_0049_0028_0028.jpg 1 9 49 28 28
0613_0026_0034_0028_0028.jpg 1 26 34 28 28
0614_0042_0022_0042_0042.jpg 1 42 22 42 42
0615_0035_0008_0035_0035.jpg 1 35 8 35 35
0616_0028_0018_0062_0062.jpg 1 28 18 62 62
0617_0020_0015_0044_0044.jpg 1 20 15 44 44
0618_0019_0006_0043_0043.jpg 1 19 6 43 43
0619_0015_0011_0062_0062.jpg 1 15 11 62 62
0620_0032_0011_0047_0047.jpg 1 32 11 47 47
0621_0006_0011_0060_0060.jpg 1 6 11 60 60
0622_0024_0019_0052_0052.jpg 1 24 19 52 52
0623_0032_0035_0054_0054.jpg 1 32 35 54 54
0624_0010_0016_0063_0063.jpg 1 10 16 63 63
0625_0023_0010_0066_0066.jpg 1 23 10 66 66
0626_0010_0004_0061_0061.jpg 1 10 4 61 61
0627_0008_0015_0069_0069.jpg 1 8 15 69 69
0628_0043_0011_0033_0033.jpg 1 43 11 33 33
0629_0036_0039_0050_0050.jpg 1 36 39 50 50
0630_0014_0005_0063_0063.jpg 1 14 5 63 63
0631_0038_0017_0037_0037.jpg 1 38 17 37 37
0632_0029_0028_0034_0034.jpg 1 29 28 34 34
0633_0018_0015_0062_0062.jpg 1 18 15 62 62
0634_0011_0006_0035_0035.jpg 1 11 6 35 35
0635_0019_0012_0039_0039.jpg 1 19 12 39 39
0636_0033_0044_0038_0038.jpg 1 33 44 38 38
0637_0038_0042_0042_0042.jpg 1 38 42 42 42
0638_0025_0033_0046_0046.jpg 1 25 33 46 46
0639_0046_0026_0042_0042.jpg 1 46 26 42 42
0640_0012_0006_0053_0053.jpg 1 12 6 53 53
0641_0006_0034_0044_0044.jpg 1 6 34 44 44
0642_0044_0014_0033_0033.jpg 1 44 14 33 33
0643_0019_0018_0052_0052.jpg 1 19 18 52 52
0644_0013_0033_0053_0053.jpg 1 13 33 53 53
0645_0009_0021_0052_0052.jpg 1 9 21 52 52
0646_0025_0025_0058_0058.jpg 1 25 25 58 58
0647_0015_0042_0045_0045.jpg 1 15 42 45 45
0648_0044_0043_0039_0039.jpg 1 44 43 39 39
0649_0006_0026_0048_0048.jpg 1 6 26 48 48
0650_0037_0017_0034_0034.jpg 1 37 17 34 34
0651_0039_0026_0044_0044.jpg 1 39 26 44 44
0652_0018_0019_0060_0060.jpg 1 18 19 60 60
0653_0037_0010_0035_0035.jpg 1 37 10 35 35
0654_0035_0023_0051_0051.jpg 1 35 23 51 51
0655_0007_0020_0067_0067.jpg 1 7 20 67 67
0656_0038_0009_0048_0048.jpg 1 38 9 48 48
0657_0010_0017_0043_0043.jpg 1 10 17 43 43
0658_0021_0030_0062_0062.jpg 1 21 30 62 62
0659_0014_0032_0056_0056.jpg 1 14 32 56 56
0660_0023_0035_0045_0045.jpg 1 23 35 45 45
0661_0010_0014_0062_0062.jpg 1 10 14 62 62
0662_0004_0005_0062_0062.jpg 1 4 5 62 62
0663_0016_0011_0042_0042.jpg 1 16 11 42 42
0664_0008_0018_0061_0061.jpg 1 8 18 61 61
0665_0032_0012_0054_0054.jpg 1 32 12 54 54
0666_0052_0018_0030_0030.jpg 1 52 18 30 30
0667_0023_0014_0059_0059.jpg 1 23 14 59 59
0668_0004_0028_0061_0061.jpg 1 4 28 61 61
0669_0008_0013_0040_0040.jpg 1 8 13 40 40
0670_0056_0007_0028_0028.jpg 1 56 7 28 28
0671_0035_0016_0044_0044.jpg 1 35 16 44 44
0672_0005_0024_0057_0057.jpg 1 5 24 57 57
0673_0024_0017_0050_0050.jpg 1 24 17 50 50
0674_0027_0027_0045_0045.jpg 1 27 27 45 45
0675_0019_0019_0061_0061.jpg 1 19 19 61 61
0676_0035_0051_0030_0030.jpg 1 35 51 30 30
0677_0028_0038_0047_0047.jpg 1 28 38 47 47
0678_0017_0011_0063_0063.jpg 1 17 11 63 63
0679_0008_0008_0033_0033.jpg 1 8 8 33 33
0680_0020_0016_0063_0063.jpg 1 20 16 63 63
0681_0015_0022_0067_0067.jpg 1 15 22 67 67
0682_0011_0020_0060_0060.jpg 1 11 20 60 60
0683_0034_0011_0052_0052.jpg 1 34 11 52 52
0684_0012_0006_0037_0037.jpg 1 12 6 37 37
0685_0006_0020_0055_0055.jpg 1 6 20 55 55
0686_0027_0020_0035_0035.jpg 1 27 20 35 35
0687_0004_0008_0068_0068.jpg 1 4 8 68 68
0688_0014_0020_0043_0043.jpg 1 14 20 43 43
0689_0014_0006_0062_0062.jpg 1 14 6 62 62
0690_0007_0023_0037_0037.jpg 1 7 23 37 37
0691_0018_0013_0060_0060.jpg 1 18 13 60 60
0692_0011_0012_0042_0042.jpg 1 11 12 42 42
0693_0034_0040_0031_0031.jpg 1 34 40 31 31
0694_0037_0006_0048_0048.jpg 1 37 6 48 48
0695_0019_0026_0045_0045.jpg 1 19 26 45 45
0696_0018_0021_0043_0043.jpg 1 18 21 43 43
0697_0015_0031_0036_0036.jpg 1 15 31 36 36
0698_0042_0021_0044_0044.jpg 1 42 21 44 44
0699_0040_0008_0043_0043.jpg 1 40 8 43 43
0700_0026_0011_0051_0051.jpg 1 26 11 51 51
0701_0024_0021_0068_0068.jpg 1 24 21 68 68
0702_0040_0011_0029_0029.jpg 1 40 11 29 29
0703_0039_0030_0038_0038.jpg 1 39 30 38 38
0704_0053_0028_0033_0033.jpg 1 53 28 33 33
0705_0023_0014_0037_0037.jpg 1 23 14 37 37
0706_0029_0007_0047_0047.jpg 1 29 7 47 47
0707_0021_0025_0060_0060.jpg 1 21 25 60 60
0708_0010_0031_0026_0026.jpg 1 10 31 26 26
0709_0028_0028_0027_0027.jpg 1 28 28 27 27
0710_0011_0020_0069_0069.jpg 1 11 20 69 69
0711_0040_0010_0041_0041.jpg 1 40 10 41 41
0712_0012_0009_0060_0060.jpg 1 12 9 60 60
0713_0022_0032_0053_0053.jpg 1 22 32 53 53
0714_0012_0035_0048_0048.jpg 1 12 35 48 48
0715_0014_0027_0061_0061.jpg 1 14 27 61 61
0716_0018_0017_0058_0058.jpg 1 18 17 58 58
0717_0004_0024_0057_0057.jpg 1 4 24 57 57
0718_0019_0025_0065_0065.jpg 1 19 25 65 65
0719_0010_0029_0029_0029.jpg 1 10 29 29 29
0720_0040_0020_0033_0033.jpg 1 40 20 33 33
0721_0026_0031_0049_0049.jpg 1 26 31 49 49
0722_0043_0056_0028_0028.jpg 1 43 56 28 28
0723_0012_0004_0052_0052.jpg 1 12 4 52 52
0724_0015_0018_0046_0046.jpg 1 15 18 46 46
0725_0031_0012_0050_0050.jpg 1 31 12 50 50
0726_0011_0009_0036_0036.jpg 1 11 9 36 36
0727_0024_0010_0067_0067.jpg 1 24 10 67 67
0728_0009_0022_0065_0065.jpg 1 9 22 65 65
0729_0037_0025_0034_0034.jpg 1 37 25 34 34
0730_0008_0016_0031_0031.jpg 1 8 16 31 31
0731_0041_0029_0039_0039.jpg 1 41 29 39 39
0732_0016_0017_0050_0050.jpg 1 16 17 50 50
0733_0034_0027_0044_0044.jpg 1 34 27 44 44
0734_0020_0021_0058_0058.jpg 1 20 21 58 58
0735_0020_0016_0030_0030.jpg 1 20 16 30 30
0736_0049_0037_0028_0028.jpg 1 49 37 28 28
0737_0009_0008_0031_0031.jpg 1 9 8 31 31
0738_0008_0019_0058_0058.jpg 1 8 19 58 58
0739_0048_0030_0032_0032.jpg 1 48 30 32 32
0740_0025_0027_0063_0063.jpg 1 25 27 63 63
0741_0045_0052_0026_0026.jpg 1 45 52 26 26
0742_0029_0035_0034_0034.jpg 1 29 35 34 34
0743_0024_0030_0041_0041.jpg 1 24 30 41 41
0744_0032_0020_0054_0054.jpg 1 32 20 54 54
0745_0007_0027_0055_0055.jpg 1 7 27 55 55
0746_0015_0023_0035_0035.jpg 1 15 23 35 35
0747_0015_0033_0029_0029.jpg 1 15 33 29 29
0748_0016_0007_0062_0062.jpg 1 16 7 62 62
0749_0017_0032_0054_0054.jpg 1 17 32 54 54
0750_0005_0020_0052_0052.jpg 1 5 20 52 52
0751_0019_0046_0033_0033.jpg 1 19 46 33 33
0752_0028_0013_0042_0042.jpg 1 28 13 42 42
0753_0008_0055_0027_0027.jpg 1 8 55 27 27
0754_0037_0007_0052_0052.jpg 1 37 7 52 52
0755_0008_0014_0047_0047.jpg 1 8 14 47 47
0756_0028_0006_0055_0055.jpg 1 28 6 55 55
0757_0034_0037_0043_0043.jpg 1 34 37 43 43
0758_0047_0014_0040_0040.jpg 1 47 14 40 40
0759_0028_0018_0059_0059.jpg 1 28 18 59 59
0760_0013_0019_0027_0027.jpg 1 13 19 27 27
0761_0035_0007_0048_0048.jpg 1 35 7 48 48
0762_0048_0029_0038_0038.jpg 1 48 29 38 38
0763_0037_0035_0028_0028.jpg 1 37 35 28 28
0764_0016_0012_0068_0068.jpg 1 16 12 68 68
0765_0048_0017_0038_0038.jpg 1 48 17 38 38
0766_0023_0033_0035_0035.jpg 1 23 33 35 35
0767_0032_0013_0049_0049.jpg 1 32 13 49 49
0768_0032_0029_0050_0050.jpg 1 32 29 50 50
0769_0031_0029_0047_0047.jpg 1 31 29 47 47
0770_0013_0022_0059_0059.jpg 1 13 22 59 59
0771_0030_0015_0059_0059.jpg 1 30 15 59 59
0772_0014_0023_0059_0059.jpg 1 14 23 59 59
0773_0039_0012_0044_0044.jpg 1 39 12 44 44
0774_0018_0006_0064_0064.jpg 1 18 6 64 64
0775_0005_0023_0065_0065.jpg 1 5 23 65 65
0776_0028_0018_0049_0049.jpg 1 28 18 49 49
0777_0020_0023_0045_0045.jpg 1 20 23 45 45
0778_0017_0008_0056_0056.jpg 1 17 8 56 56
0779_0053_0058_0024_0024.jpg 1 53 58 24 24
0780_0051_0014_0032_0032.jpg 1 51 14 32 32
0781_0024_0017_0045_0045.jpg 1 24 17 45 45
0782_0035_0025_0051_0051.jpg 1 35 25 51 51
0783_0007_0020_0035_0035.jpg 1 7 20 35 35
0784_0021_0005_0048_0048.jpg 1 21 5 48 48
0785_0016_0036_0043_0043.jpg 1 16 36 43 43
0786_0007_0020_0065_0065.jpg 1 7 20 65 65
0787_0014_0035_0034_0034.jpg 1 14 35 34 34
0788_0035_0025_0043_0043.jpg 1 35 25 43 43
0789_0040_0007_0028_0028.jpg 1 40 7 28 28
0790_0014_0029_0026_0026.jpg 1 14 29 26 26
0791_0011_0004_0066_0066.jpg 1 11 4 66 66
0792_0015_0027_0065_0065.jpg 1 15 27 65 65
0793_0008_0007_0067_0067.jpg 1 8 7 67 67
0794_0020_0016_0042_0042.jpg 1 20 16 42 42
0795_0038_0022_0027_0027.jpg 1 38 22 27 27
0796_0047_0022_0026_0026.jpg 1 47 22 26 26
0797_0008_0032_0026_0026.jpg 1 8 32 26 26
0798_0025_0019_0048_0048.jpg 1 25 19 48 48
0799_0008_0047_0040_0040.jpg 1 8 47 40 40
0800_0034_0021_0030_0030.jpg 1 34 21 30 30
0801_0032_0028_0051_0051.jpg 1 32 28 51 51
0802_0035_0031_0051_0051.jpg 1 35 31 51 51
0803_0015_0016_0032_0032.jpg 1 15 16 32 32
0804_0041_0032_0034_0034.jpg 1 41 32 34 34
0805_0006_0026_0046_0046.jpg 1 6 26 46 46
0806_0031_0052_0033_0033.jpg 1 31 52 33 33
0807_0042_0015_0040_0040.jpg 1 42 15 40 40
0808_0019_0011_0066_0066.jpg 1 19 11 66 66
0809_0007_0015_0059_0059.jpg 1 7 15 59 59
0810_0019_0027_0038_0038.jpg 1 19 27 38 38
0811_0048_0048_0033_0033.jpg 1 48 48 33 33
0812_0023_0042_0045_0045.jpg 1 23 42 45 45
0813_0051_0024_0028_0028.jpg 1 51 24 28 28
0814_0024_0031_0040_0040.jpg 1 24 31 40 40
0815_0006_0017_0053_0053.jpg 1 6 17 53 53
0816_0047_0026_0030_0030.jpg 1 47 26 30 30
0817_0013_0013_0058_0058.jpg 1 13 13 58 58
0818_0039_0021_0027_0027.jpg 1 39 21 27 27
0819_0014_0015_0030_0030.jpg 1 14 15 30 30
0820_0017_0031_0058_0058.jpg 1 17 31 58 58
0821_0019_0023_0050_0050.jpg 1 19 23 50 50
0822_0026_0010_0058_0058.jpg 1 26 10 58 58
0823_0028_0041_0029_0029.jpg 1 28 41 29 29
0824_0025_0019_0065_0065.jpg 1 25 19 65 65
0825_0012_0016_0065_0065.jpg 1 12 16 65 65
0826_0019_0026_0036_0036.jpg 1 19 26 36 36
0827_0051_0035_0032_0032.jpg 1 51 35 32 32
0828_0013_0004_0069_0069.jpg 1 13 4 69 69
0829_0019_0010_0069_0069.jpg 1 19 10 69 69
0830_0008_0027_0057_0057.jpg 1 8 27 57 57
0831_0007_0026_0042_0042.jpg 1 7 26 42 42
0832_0005_0011_0049_0049.jpg 1 5 11 49 49
0833_0039_0019_0033_0033.jpg 1 39 19 33 33
0834_0022_0026_0049_0049.jpg 1 22 26 49 49
0835_0005_0012_0068_0068.jpg 1 5 12 68 68
0836_0050_0015_0024_0024.jpg 1 50 15 24 24
0837_0006_0015_0058_0058.jpg 1 6 15 58 58
0838_0020_0013_0067_0067.jpg 1 20 13 67 67
0839_0014_0025_0049_0049.jpg 1 14 25 49 49
0840_0048_0020_0039_0039.jpg 1 48 20 39 39
0841_0017_0010_0066_0066.jpg 1 17 10 66 66
0842_0035_0025_0048_0048.jpg 1 35 25 48 48
0843_0028_0008_0064_0064.jpg 1 28 8 64 64
0844_0019_0004_0065_0065.jpg 1 19 4 65 65
0845_0039_0041_0044_0044.jpg 1 39 41 44 44
0846_0022_0018_0049_0049.jpg 1 22 18 49 49
0847_0045_0009_0041_0041.jpg 1 45 9 41 41
0848_0026_0019_0027_0027.jpg 1 26 19 27 27
0849_0029_0017_0061_0061.jpg 1 29 17 61 61
0850_0028_0017_0059_0059.jpg 1 28 17 59 59
0851_0007_0019_0032_0032.jpg 1 7 19 32 32
0852_0037_0045_0042_0042.jpg 1 37 45 42 42
0853_0004_0016_0060_0060.jpg 1 4 16 60 60
0854_0030_0029_0050_0050.jpg 1 30 29 50 50
0855_0044_0024_0032_0032.jpg 1 44 24 32 32
0856_0006_0005_0050_0050.jpg 1 6 5 50 50
0857_0006_0003_0067_0067.jpg 1 6 3 67 67
0858_0024_0009_0063_0063.jpg 1 24 9 63 63
0859_0014_0005_0062_0062.jpg 1 14 5 62 62
0860_0053_0015_0028_0028.jpg 1 53 15 28 28
0861_0022_0010_0046_0046.jpg 1 22 10 46 46
0862_0039_0025_0028_0028.jpg 1 39 25 28 28
0863_0020_0008_0054_0054.jpg 1 20 8 54 54
0864_0050_0038_0026_0026.jpg 1 50 38 26 26
0865_0037_0024_0045_0045.jpg 1 37 24 45 45
0866_0018_0019_0039_0039.jpg 1 18 19 39 39
0867_0011_0010_0041_0041.jpg 1 11 10 41 41
0868_0024_0009_0046_0046.jpg 1 24 9 46 46
0869_0014_0023_0026_0026.jpg 1 14 23 26 26
0870_0009_0014_0060_0060.jpg 1 9 14 60 60
0871_0025_0031_0051_0051.jpg 1 25 31 51 51
0872_0016_0035_0051_0051.jpg 1 16 35 51 51
0873_0035_0020_0033_0033.jpg 1 35 20 33 33
0874_0025_0053_0030_0030.jpg 1 25 53 30 30
0875_0010_0024_0066_0066.jpg 1 10 24 66 66
0876_0007_0004_0064_0064.jpg 1 7 4 64 64
0877_0038_0033_0041_0041.jpg 1 38 33 41 41
0878_0060_0030_0024_0024.jpg 1 60 30 24 24
0879_0016_0008_0065_0065.jpg 1 16 8 65 65
0880_0047_0008_0033_0033.jpg 1 47 8 33 33
0881_0005_0030_0051_0051.jpg 1 5 30 51 51
0882_0025_0019_0057_0057.jpg 1 25 19 57 57
0883_0006_0030_0057_0057.jpg 1 6 30 57 57
0884_0030_0028_0033_0033.jpg 1 30 28 33 33
0885_0007_0026_0061_0061.jpg 1 7 26 61 61
0886_0013_0029_0047_0047.jpg 1 13 29 47 47
0887_0009_0029_0061_0061.jpg 1 9 29 61 61
0888_0017_0047_0039_0039.jpg 1 17 47 39 39
0889_0019_0026_0040_0040.jpg 1 19 26 40 40
0890_0008_0011_0069_0069.jpg 1 8 11 69 69
0891_0029_0016_0029_0029.jpg 1 29 16 29 29
0892_0018_0016_0064_0064.jpg 1 18 16 64 64
0893_0042_0018_0038_0038.jpg 1 42 18 38 38
0894_0042_0023_0034_0034.jpg 1 42 23 34 34
0895_0007_0031_0054_0054.jpg 1 7 31 54 54
0896_0036_0016_0054_0054.jpg 1 36 16 54 54
0897_0005_0015_0061_0061.jpg 1 5 15 61 61
0898_0024_0015_0064_0064.jpg 1 24 15 64 64
0899_0022_0031_0051_0051.jpg 1 22 31 51 51
0900_0013_0007_0065_0065.jpg 1 13 7 65 65
0901_0023_0011_0043_0043.jpg 1 23 11 43 43
0902_0018_0033_0053_0053.jpg 1 18 33 53 53
0903_0031_0016_0054_0054.jpg 1 31 16 54 54
0904_0004_0016_0065_0065.jpg 1 4 16 65 65
0905_0011_0008_0066_0066.jpg 1 11 8 66 66
0906_0028_0026_0032_0032.jpg 1 28 26 32 32
0907_0024_0018_0049_0049.jpg 1 24 18 49 49
0908_0013_0020_0069_0069.jpg 1 13 20 69 69
0909_0019_0049_0036_0036.jpg 1 19 49 36 36
0910_0004_0027_0060_0060.jpg 1 4 27 60 60
0911_0021_0014_0033_0033.jpg 1 21 14 33 33
0912_0028_0039_0044_0044.jpg 1 28 39 44 44
0913_0014_0010_0069_0069.jpg 1 14 10 69 69
0914_0020_0042_0029_0029.jpg 1 20 42 29 29
0915_0010_0009_0065_0065.jpg 1 10 9 65 65
0916_0027_0007_0034_0034.jpg 1 27 7 34 34
0917_0025_0040_0025_0025.jpg 1 25 40 25 25
0918_0040_0035_0047_0047.jpg 1 40 35 47 47
0919_0011_0019_0049_0049.jpg 1 11 19 49 49
0920_0039_0025_0040_0040.jpg 1 39 25 40 40
0921_0048_0044_0032_0032.jpg 1 48 44 32 32
0922_0016_0040_0028_0028.jpg 1 16 40 28 28
0923_0009_0028_0028_0028.jpg 1 9 28 28 28
0924_0014_0041_0028_0028.jpg 1 14 41 28 28
0925_0018_0040_0029_0029.jpg 1 18 40 29 29
0926_0043_0012_0038_0038.jpg 1 43 12 38 38
0927_0020_0010_0054_0054.jpg 1 20 10 54 54
0928_0036_0053_0033_0033.jpg 1 36 53 33 33
0929_0031_0045_0029_0029.jpg 1 31 45 29 29
0930_0011_0031_0059_0059.jpg 1 11 31 59 59
0931_0005_0012_0069_0069.jpg 1 5 12 69 69
0932_0018_0022_0047_0047.jpg 1 18 22 47 47
0933_0024_0031_0061_0061.jpg 1 24 31 61 61
0934_0056_0007_0026_0026.jpg 1 56 7 26 26
0935_0035_0006_0038_0038.jpg 1 35 6 38 38
0936_0027_0012_0055_0055.jpg 1 27 12 55 55
0937_0016_0027_0060_0060.jpg 1 16 27 60 60
0938_0004_0010_0058_0058.jpg 1 4 10 58 58
0939_0030_0013_0060_0060.jpg 1 30 13 60 60
0940_0031_0051_0029_0029.jpg 1 31 51 29 29
0941_0007_0023_0068_0068.jpg 1 7 23 68 68
0942_0014_0024_0068_0068.jpg 1 14 24 68 68
0943_0028_0023_0041_0041.jpg 1 28 23 41 41
0944_0035_0024_0053_0053.jpg 1 35 24 53 53
0945_0015_0050_0027_0027.jpg 1 15 50 27 27
0946_0028_0019_0064_0064.jpg 1 28 19 64 64
0947_0040_0041_0041_0041.jpg 1 40 41 41 41
0948_0005_0009_0061_0061.jpg 1 5 9 61 61
0949_0024_0020_0060_0060.jpg 1 24 20 60 60
0950_0020_0012_0061_0061.jpg 1 20 12 61 61
0951_0017_0007_0031_0031.jpg 1 17 7 31 31
0952_0006_0023_0063_0063.jpg 1 6 23 63 63
0953_0030_0031_0051_0051.jpg 1 30 31 51 51
0954_0029_0007_0058_0058.jpg 1 29 7 58 58
0955_0025_0008_0058_0058.jpg 1 25 8 58 58
0956_0043_0030_0035_0035.jpg 1 43 30 35 35
0957_0045_0029_0033_0033.jpg 1 45 29 33 33
0958_0016_0034_0048_0048.jpg 1 16 34 48 48
0959_0007_0009_0065_0065.jpg 1 7 9 65 65
0960_0041_0018_0027_0027.jpg 1 41 18 27 27
0961_0007_0022_0060_0060.jpg 1 7 22 60 60
0962_0016_0024_0059_0059.jpg 1 16 24 59 59
0963_0008_0013_0038_0038.jpg 1 8 13 38 38
0964_0039_0051_0032_0032.jpg 1 39 51 32 32
0965_0019_0021_0069_0069.jpg 1 19 21 69 69
0966_0039_0009_0050_0050.jpg 1 39 9 50 50
0967_0018_0013_0040_0040.jpg 1 18 13 40 40
0968_0024_0034_0037_0037.jpg 1 24 34 37 37
0969_0024_0026_0032_0032.jpg 1 24 26 32 32
0970_0005_0027_0062_0062.jpg 1 5 27 62 62
0971_0016_0043_0042_0042.jpg 1 16 43 42 42
0972_0035_0028_0054_0054.jpg 1 35 28 54 54
0973_0009_0014_0051_0051.jpg 1 9 14 51 51
0974_0005_0022_0055_0055.jpg 1 5 22 55 55
0975_0010_0014_0035_0035.jpg 1 10 14 35 35
0976_0018_0019_0043_0043.jpg 1 18 19 43 43
0977_0032_0009_0058_0058.jpg 1 32 9 58 58
0978_0021_0030_0047_0047.jpg 1 21 30 47 47
0979_0014_0022_0069_0069.jpg 1 14 22 69 69
0980_0017_0005_0057_0057.jpg 1 17 5 57 57
0981_0005_0035_0051_0051.jpg 1 5 35 51 51
0982_0046_0012_0036_0036.jpg 1 46 12 36 36
0983_0033_0023_0047_0047.jpg 1 33 23 47 47
0984_0009_0006_0061_0061.jpg 1 9 6 61 61
0985_0027_0028_0026_0026.jpg 1 27 28 26 26
0986_0013_0024_0066_0066.jpg 1 13 24 66 66
0987_0056_0034_0027_0027.jpg 1 56 34 27 27
0988_0036_0013_0045_0045.jpg 1 36 13 45 45
0989_0058_0013_0026_0026.jpg 1 58 13 26 26
0990_0042_0024_0028_0028.jpg 1 42 24 28 28
0991_0016_0055_0027_0027.jpg 1 16 55 27 27
0992_0009_0016_0038_0038.jpg 1 9 16 38 38
0993_0010_0035_0038_0038.jpg 1 10 35 38 38
0994_0036_0038_0043_0043.jpg 1 36 38 43 43
0995_0033_0026_0053_0053.jpg 1 33 26 53 53
0996_0050_0049_0036_0036.jpg 1 50 49 36 36
0997_0018_0006_0039_0039.jpg 1 18 6 39 39
0998_0017_0017_0057_0057.jpg 1 17 17 57 57
0999_0024_0030_0035_0035.jpg 1 24 30 35 35
1000_0036_0038_0041_0041.jpg 1 36 38 41 41
